E:\HERBERT PROJECT\GITHUB PROJECT\HCNETCAMERA\单个摄像机解码并显示（两路）\单个摄像机解码并显示\DEBUG\两路摄像机解码显示与本地存储.PCH
E:\HERBERT PROJECT\GITHUB PROJECT\HCNETCAMERA\单个摄像机解码并显示（两路）\单个摄像机解码并显示\DEBUG\STDAFX.OBJ
E:\HERBERT PROJECT\GITHUB PROJECT\HCNETCAMERA\单个摄像机解码并显示（两路）\单个摄像机解码并显示\DEBUG\VC110.PDB
E:\HERBERT PROJECT\GITHUB PROJECT\HCNETCAMERA\单个摄像机解码并显示（两路）\单个摄像机解码并显示\DEBUG\SINGLECAMDLG.OBJ
E:\HERBERT PROJECT\GITHUB PROJECT\HCNETCAMERA\单个摄像机解码并显示（两路）\单个摄像机解码并显示\DEBUG\SINGLECAMAPP.OBJ
E:\HERBERT PROJECT\GITHUB PROJECT\HCNETCAMERA\单个摄像机解码并显示（两路）\DEBUG\两路摄像机解码显示与本地存储.ILK
E:\HERBERT PROJECT\GITHUB PROJECT\HCNETCAMERA\单个摄像机解码并显示（两路）\DEBUG\两路摄像机解码显示与本地存储.EXE
E:\HERBERT PROJECT\GITHUB PROJECT\HCNETCAMERA\单个摄像机解码并显示（两路）\DEBUG\两路摄像机解码显示与本地存储.PDB
E:\HERBERT PROJECT\GITHUB PROJECT\HCNETCAMERA\单个摄像机解码并显示（两路）\单个摄像机解码并显示\DEBUG\单个摄像机解码并显示.RES
E:\Herbert Project\GitHub Project\HCNetCamera\单个摄像机解码并显示（两路）\单个摄像机解码并显示\Debug\SingleCamApp.obj
E:\Herbert Project\GitHub Project\HCNetCamera\单个摄像机解码并显示（两路）\单个摄像机解码并显示\Debug\SingleCamDlg.obj
E:\Herbert Project\GitHub Project\HCNetCamera\单个摄像机解码并显示（两路）\单个摄像机解码并显示\Debug\stdafx.obj
E:\Herbert Project\GitHub Project\HCNetCamera\单个摄像机解码并显示（两路）\单个摄像机解码并显示\Debug\cl.command.1.tlog
E:\Herbert Project\GitHub Project\HCNetCamera\单个摄像机解码并显示（两路）\单个摄像机解码并显示\Debug\CL.read.1.tlog
E:\Herbert Project\GitHub Project\HCNetCamera\单个摄像机解码并显示（两路）\单个摄像机解码并显示\Debug\CL.write.1.tlog
E:\Herbert Project\GitHub Project\HCNetCamera\单个摄像机解码并显示（两路）\单个摄像机解码并显示\Debug\link-cvtres.read.1.tlog
E:\Herbert Project\GitHub Project\HCNetCamera\单个摄像机解码并显示（两路）\单个摄像机解码并显示\Debug\link-cvtres.write.1.tlog
E:\Herbert Project\GitHub Project\HCNetCamera\单个摄像机解码并显示（两路）\单个摄像机解码并显示\Debug\link-mt.read.1.tlog
E:\Herbert Project\GitHub Project\HCNetCamera\单个摄像机解码并显示（两路）\单个摄像机解码并显示\Debug\link-mt.write.1.tlog
E:\Herbert Project\GitHub Project\HCNetCamera\单个摄像机解码并显示（两路）\单个摄像机解码并显示\Debug\link-rc.read.1.tlog
E:\Herbert Project\GitHub Project\HCNetCamera\单个摄像机解码并显示（两路）\单个摄像机解码并显示\Debug\link-rc.write.1.tlog
E:\Herbert Project\GitHub Project\HCNetCamera\单个摄像机解码并显示（两路）\单个摄像机解码并显示\Debug\link.command.1.tlog
E:\Herbert Project\GitHub Project\HCNetCamera\单个摄像机解码并显示（两路）\单个摄像机解码并显示\Debug\link.read.1.tlog
E:\Herbert Project\GitHub Project\HCNetCamera\单个摄像机解码并显示（两路）\单个摄像机解码并显示\Debug\link.write.1.tlog
E:\Herbert Project\GitHub Project\HCNetCamera\单个摄像机解码并显示（两路）\单个摄像机解码并显示\Debug\rc.command.1.tlog
E:\Herbert Project\GitHub Project\HCNetCamera\单个摄像机解码并显示（两路）\单个摄像机解码并显示\Debug\rc.read.1.tlog
E:\Herbert Project\GitHub Project\HCNetCamera\单个摄像机解码并显示（两路）\单个摄像机解码并显示\Debug\rc.write.1.tlog
E:\Herbert Project\GitHub Project\HCNetCamera\单个摄像机解码并显示（两路）\单个摄像机解码并显示\Debug\单个摄像机解码并显示.res
E:\Herbert Project\GitHub Project\HCNetCamera\单个摄像机解码并显示（两路）\单个摄像机解码并显示\Debug\两路摄像机解码显示与本地存储.pch
E:\Herbert Project\GitHub Project\HCNetCamera\单个摄像机解码并显示（两路）\单个摄像机解码并显示\Debug\vc110.idb
E:\Herbert Project\GitHub Project\HCNetCamera\单个摄像机解码并显示（两路）\单个摄像机解码并显示\Debug\vc110.pdb
E:\Herbert Project\GitHub Project\HCNetCamera\单个摄像机解码并显示（两路）\Debug\两路摄像机解码显示与本地存储.pdb
E:\Herbert Project\GitHub Project\HCNetCamera\单个摄像机解码并显示（两路）\Debug\两路摄像机解码显示与本地存储.exe
E:\Herbert Project\GitHub Project\HCNetCamera\单个摄像机解码并显示（两路）\Debug\两路摄像机解码显示与本地存储.ilk
