生成启动时间为 2015/10/29 15:33:21。
     1>项目“E:\Herbert Project\GitHub Project\HCNetCamera\单个摄像机解码并显示（两路）\单个摄像机解码并显示\单个摄像机解码并显示.vcxproj”在节点 2 上(Rebuild 个目标)。
       项目文件包含 ToolsVersion="12.0"。此工具集可能未知或缺失(您可以通过安装相应版本的 MSBuild 来解决该问题)，或者该生成因策略原因已被强制更改为特殊 ToolsVersion。将此项目视作具有 ToolsVersion="4.0"。有关更多信息，请参见 http://go.microsoft.com/fwlink/?LinkId=291333。
     1>ClCompile:
         D:\Program Files\Microsoft Visual Studio 11.0\VC\bin\CL.exe /c /ZI /nologo /W3 /WX- /sdl /Od /Oy- /D WIN32 /D _WINDOWS /D _DEBUG /D _CRT_SECURE_NO_WARNINGS /D _MBCS /D _AFXDLL /Gm /EHsc /RTC1 /MDd /GS /fp:precise /Zc:wchar_t /Zc:forScope /Yc"stdafx.h" /Fp"Debug\两路摄像机解码显示与本地存储.pch" /Fo"Debug\\" /Fd"Debug\vc110.pdb" /Gd /TP /analyze- /errorReport:prompt stdafx.cpp
         stdafx.cpp
         D:\Program Files\Microsoft Visual Studio 11.0\VC\bin\CL.exe /c /ZI /nologo /W3 /WX- /sdl /Od /Oy- /D WIN32 /D _WINDOWS /D _DEBUG /D _CRT_SECURE_NO_WARNINGS /D _MBCS /D _AFXDLL /Gm /EHsc /RTC1 /MDd /GS /fp:precise /Zc:wchar_t /Zc:forScope /Yu"stdafx.h" /Fp"Debug\两路摄像机解码显示与本地存储.pch" /Fo"Debug\\" /Fd"Debug\vc110.pdb" /Gd /TP /analyze- /errorReport:prompt SingleCamDlg.cpp SingleCamApp.cpp
         SingleCamApp.cpp
         SingleCamDlg.cpp
         正在生成代码...
       ResourceCompile:
         C:\Program Files\Windows Kits\8.0\bin\x86\rc.exe /D _DEBUG /D _AFXDLL /l"0x0804" /IDebug\ /nologo /fo"Debug\单个摄像机解码并显示.res" "单个摄像机解码并显示.rc" 
       Link:
         D:\Program Files\Microsoft Visual Studio 11.0\VC\bin\link.exe /ERRORREPORT:PROMPT /OUT:"E:\Herbert Project\GitHub Project\HCNetCamera\单个摄像机解码并显示（两路）\Debug\两路摄像机解码显示与本地存储.exe" /INCREMENTAL /NOLOGO HCNetSDK.lib PlayCtrl.lib /MANIFEST /MANIFESTUAC:"level='asInvoker' uiAccess='false'" /manifest:embed /manifestinput:"D:\Program Files\Microsoft Visual Studio 11.0\VC\Include\Manifest\dpiaware.manifest" /DEBUG /PDB:"E:\Herbert Project\GitHub Project\HCNetCamera\单个摄像机解码并显示（两路）\Debug\两路摄像机解码显示与本地存储.pdb" /SUBSYSTEM:WINDOWS /TLBID:1 /DYNAMICBASE /NXCOMPAT /IMPLIB:"E:\Herbert Project\GitHub Project\HCNetCamera\单个摄像机解码并显示（两路）\Debug\两路摄像机解码显示与本地存储.lib" /MACHINE:X86 "Debug\单个摄像机解码并显示.res"
         Debug\SingleCamDlg.obj
         Debug\stdafx.obj
         Debug\SingleCamApp.obj
         单个摄像机解码并显示.vcxproj -> E:\Herbert Project\GitHub Project\HCNetCamera\单个摄像机解码并显示（两路）\Debug\两路摄像机解码显示与本地存储.exe
     1>已完成生成项目“E:\Herbert Project\GitHub Project\HCNetCamera\单个摄像机解码并显示（两路）\单个摄像机解码并显示\单个摄像机解码并显示.vcxproj”(Rebuild 个目标)的操作。

生成成功。

已用时间 00:00:24.41
