C:\GITHUB WORKING\HCNETCAMERA\RTPEXAMPLECLIENT\RTPEXAMPLECLIENT\DEBUG\CLIENT.OBJ
C:\GITHUB WORKING\HCNETCAMERA\RTPEXAMPLECLIENT\RTPEXAMPLECLIENT\DEBUG\RTPSESSIONUTILS.OBJ
C:\GITHUB WORKING\HCNETCAMERA\RTPEXAMPLECLIENT\RTPEXAMPLECLIENT\DEBUG\VC110.PDB
C:\GITHUB WORKING\HCNETCAMERA\RTPEXAMPLECLIENT\DEBUG\RTPEXAMPLECLIENT.ILK
C:\GITHUB WORKING\HCNETCAMERA\RTPEXAMPLECLIENT\DEBUG\RTPEXAMPLECLIENT.EXE
C:\GITHUB WORKING\HCNETCAMERA\RTPEXAMPLECLIENT\DEBUG\RTPEXAMPLECLIENT.PDB
C:\Github working\HCNetCamera\RtpExampleClient\RtpExampleClient\Debug\client.obj
C:\Github working\HCNetCamera\RtpExampleClient\RtpExampleClient\Debug\RTPSessionUtils.obj
C:\Github working\HCNetCamera\RtpExampleClient\RtpExampleClient\Debug\cl.command.1.tlog
C:\Github working\HCNetCamera\RtpExampleClient\RtpExampleClient\Debug\CL.read.1.tlog
C:\Github working\HCNetCamera\RtpExampleClient\RtpExampleClient\Debug\CL.write.1.tlog
C:\Github working\HCNetCamera\RtpExampleClient\RtpExampleClient\Debug\link-cvtres.read.1.tlog
C:\Github working\HCNetCamera\RtpExampleClient\RtpExampleClient\Debug\link-cvtres.write.1.tlog
C:\Github working\HCNetCamera\RtpExampleClient\RtpExampleClient\Debug\link-rc.read.1.tlog
C:\Github working\HCNetCamera\RtpExampleClient\RtpExampleClient\Debug\link-rc.write.1.tlog
C:\Github working\HCNetCamera\RtpExampleClient\RtpExampleClient\Debug\link.command.1.tlog
C:\Github working\HCNetCamera\RtpExampleClient\RtpExampleClient\Debug\link.read.1.tlog
C:\Github working\HCNetCamera\RtpExampleClient\RtpExampleClient\Debug\link.write.1.tlog
C:\Github working\HCNetCamera\RtpExampleClient\RtpExampleClient\Debug\vc110.idb
C:\Github working\HCNetCamera\RtpExampleClient\RtpExampleClient\Debug\vc110.pdb
C:\Github working\HCNetCamera\RtpExampleClient\Debug\RtpExampleClient.pdb
C:\Github working\HCNetCamera\RtpExampleClient\Debug\RtpExampleClient.exe
C:\Github working\HCNetCamera\RtpExampleClient\Debug\RtpExampleClient.ilk
